Running: ./testmodel.py --libraries=/home/aheuermann/.openmodelica/libraries/ --ompython_omhome= MyLibrary_main_MyLibrary.Blocks.Examples.PID_Controller.conf.json
loadFile("/home/aheuermann/.openmodelica/libraries/ModelicaServices 4.0.0+maint.om/package.mo", uses=false)
loadFile("/home/aheuermann/.openmodelica/libraries/Complex 4.0.0+maint.om/package.mo", uses=false)
loadFile("/home/aheuermann/.openmodelica/libraries/Modelica 4.0.0+maint.om/package.mo", uses=false)
loadFile("/home/aheuermann/workspace/githubactions/openmodelica-library-testing-action/examples/MyLibrary/package.mo", uses=false)
Using package MyLibrary with version 1.0.0 (/home/aheuermann/workspace/githubactions/openmodelica-library-testing-action/examples/MyLibrary/package.mo)
Using package Modelica with version 4.0.0 (/home/aheuermann/.openmodelica/libraries/Modelica 4.0.0+maint.om/package.mo)
Using package Complex with version 4.0.0 (/home/aheuermann/.openmodelica/libraries/Complex 4.0.0+maint.om/package.mo)
Using package ModelicaServices with version 4.0.0 (/home/aheuermann/.openmodelica/libraries/ModelicaServices 4.0.0+maint.om/package.mo)
Running command: translateModel(MyLibrary.Blocks.Examples.PID_Controller,tolerance=1e-06,outputFormat="mat",numberOfIntervals=5000,variableFilter="time|PI.I.y|inertia1.phi|inertia1.w|integrator.y|spring.phi_rel|spring.w_rel",fileNamePrefix="MyLibrary_main_MyLibrary.Blocks.Examples.PID_Controller")
translateModel(MyLibrary.Blocks.Examples.PID_Controller,tolerance=1e-06,outputFormat="mat",numberOfIntervals=5000,variableFilter="time|PI.I.y|inertia1.phi|inertia1.w|integrator.y|spring.phi_rel|spring.w_rel",fileNamePrefix="MyLibrary_main_MyLibrary.Blocks.Examples.PID_Controller")
Notification: Performance of loadFile(/home/aheuermann/.openmodelica/libraries/ModelicaServices 4.0.0+maint.om/package.mo): time 0.0008773/0.0008773, allocations: 108.6 kB / 16.94 MB, free: 292 kB / 13.93 MB
Notification: Performance of loadFile(/home/aheuermann/.openmodelica/libraries/Complex 4.0.0+maint.om/package.mo): time 0.001148/0.001148, allocations: 181.7 kB / 17.85 MB, free: 6.008 MB / 13.93 MB
Notification: Performance of loadFile(/home/aheuermann/.openmodelica/libraries/Modelica 4.0.0+maint.om/package.mo): time 1.708/1.708, allocations: 222.3 MB / 240.9 MB, free: 0.8281 MB / 186.7 MB
Notification: Performance of loadFile(/home/aheuermann/workspace/githubactions/openmodelica-library-testing-action/examples/MyLibrary/package.mo): time 0.0002436/0.0002436, allocations: 14.97 kB / 291.1 MB, free: 3.117 MB / 234.7 MB
Notification: Performance of FrontEnd - loaded program: time 0.0003102/0.0003103, allocations: 8 kB / 351.6 MB, free: 3.758 MB / 282.7 MB
Notification: Performance of FrontEnd - Absyn->SCode: time 0.06106/0.06139, allocations: 49.45 MB / 401 MB, free: 2.344 MB / 330.7 MB
Notification: Performance of NFInst.instantiate(MyLibrary.Blocks.Examples.PID_Controller): time 0.005228/0.06666, allocations: 3.119 MB / 404.1 MB, free: 15.21 MB / 346.7 MB
Notification: Performance of NFInst.instExpressions: time 0.001932/0.06863, allocations: 0.9659 MB / 405.1 MB, free: 14.24 MB / 346.7 MB
Notification: Performance of NFInst.updateImplicitVariability: time 0.0002309/0.06891, allocations: 11.94 kB / 405.1 MB, free: 14.23 MB / 346.7 MB
Notification: Performance of NFTyping.typeComponents: time 0.000363/0.06929, allocations: 83.19 kB / 405.2 MB, free: 14.14 MB / 346.7 MB
Notification: Performance of NFTyping.typeBindings: time 0.0002868/0.06959, allocations: 107.1 kB / 405.3 MB, free: 14.04 MB / 346.7 MB
Notification: Performance of NFTyping.typeClassSections: time 0.0005901/0.07021, allocations: 226.5 kB / 405.5 MB, free: 13.82 MB / 346.7 MB
Notification: Performance of NFFlatten.flatten: time 0.0005918/0.07081, allocations: 0.5262 MB / 406 MB, free: 13.29 MB / 346.7 MB
Notification: Performance of NFFlatten.resolveConnections: time 0.000309/0.07114, allocations: 169.2 kB / 406.2 MB, free: 13.12 MB / 346.7 MB
Notification: Performance of NFEvalConstants.evaluate: time 0.0004725/0.07163, allocations: 195.2 kB / 406.4 MB, free: 12.93 MB / 346.7 MB
Notification: Performance of NFSimplifyModel.simplify: time 0.0002327/0.07188, allocations: 207 kB / 406.6 MB, free: 12.73 MB / 346.7 MB
Notification: Performance of NFPackage.collectConstants: time 6.597e-05/0.07195, allocations: 40 kB / 406.6 MB, free: 12.69 MB / 346.7 MB
Notification: Performance of NFFlatten.collectFunctions: time 7.152e-05/0.07203, allocations: 43.94 kB / 406.7 MB, free: 12.64 MB / 346.7 MB
Notification: Performance of NFScalarize.scalarize: time 0.0001001/0.07214, allocations: 107.6 kB / 406.8 MB, free: 12.54 MB / 346.7 MB
Notification: Performance of NFVerifyModel.verify: time 0.0001734/0.07232, allocations: 218.8 kB / 407 MB, free: 12.32 MB / 346.7 MB
Notification: Performance of NFConvertDAE.convert: time 0.0004323/0.07276, allocations: 498.4 kB / 407.5 MB, free: 11.84 MB / 346.7 MB
Notification: Performance of FrontEnd - DAE generated: time 4.052e-06/0.07277, allocations: 0 / 407.5 MB, free: 11.84 MB / 346.7 MB
Notification: Performance of FrontEnd: time 2.591e-06/0.07278, allocations: 0 / 407.5 MB, free: 11.84 MB / 346.7 MB
Notification: Performance of Transformations before backend: time 7.981e-06/0.07279, allocations: 0 / 407.5 MB, free: 11.84 MB / 346.7 MB
Notification: Model statistics after passing the front-end and creating the data structures used by the back-end:
 * Number of equations: 89
 * Number of variables: 89
Notification: Performance of Generate backend data structure: time 0.001893/0.07469, allocations: 0.7639 MB / 408.2 MB, free: 11.02 MB / 346.7 MB
Notification: Performance of prepare preOptimizeDAE: time 3.634e-05/0.07474, allocations: 11.89 kB / 408.3 MB, free: 11.01 MB / 346.7 MB
Notification: Performance of preOpt normalInlineFunction (simulation): time 0.0001078/0.07485, allocations: 56.28 kB / 408.3 MB, free: 10.96 MB / 346.7 MB
Notification: Performance of preOpt evaluateParameters (simulation): time 0.0004956/0.07536, allocations: 363.6 kB / 408.7 MB, free: 10.56 MB / 346.7 MB
Notification: Performance of preOpt simplifyIfEquations (simulation): time 3.368e-05/0.07541, allocations: 25.38 kB / 408.7 MB, free: 10.54 MB / 346.7 MB
Notification: Performance of preOpt expandDerOperator (simulation): time 7.929e-05/0.07549, allocations: 44.12 kB / 408.7 MB, free: 10.49 MB / 346.7 MB
Notification: Performance of preOpt clockPartitioning (simulation): time 0.001055/0.07655, allocations: 442.4 kB / 409.2 MB, free: 10.03 MB / 346.7 MB
Notification: Performance of preOpt findStateOrder (simulation): time 2.327e-05/0.07659, allocations: 7.922 kB / 409.2 MB, free: 10.02 MB / 346.7 MB
Notification: Performance of preOpt replaceEdgeChange (simulation): time 4.917e-05/0.07665, allocations: 16 kB / 409.2 MB, free: 10.01 MB / 346.7 MB
Notification: Performance of preOpt inlineArrayEqn (simulation): time 1.518e-05/0.07667, allocations: 12 kB / 409.2 MB, free: 9.996 MB / 346.7 MB
Notification: Performance of preOpt removeEqualRHS (simulation): time 0.001171/0.07785, allocations: 375.6 kB / 409.6 MB, free: 9.629 MB / 346.7 MB
Notification: Performance of preOpt removeSimpleEquations (simulation): time 0.002635/0.08049, allocations: 1.563 MB / 411.1 MB, free: 7.973 MB / 346.7 MB
Notification: Performance of preOpt comSubExp (simulation): time 0.0009699/0.08148, allocations: 314.6 kB / 411.4 MB, free: 7.652 MB / 346.7 MB
Notification: Performance of preOpt resolveLoops (simulation): time 0.0005101/0.08201, allocations: 173.2 kB / 411.6 MB, free: 7.48 MB / 346.7 MB
Notification: Performance of preOpt evalFunc (simulation): time 3.103e-05/0.08205, allocations: 11.98 kB / 411.6 MB, free: 7.469 MB / 346.7 MB
Notification: Performance of preOpt encapsulateWhenConditions (simulation): time 1.943e-05/0.08208, allocations: 34.56 kB / 411.7 MB, free: 7.426 MB / 346.7 MB
Notification: Performance of pre-optimization done (n=30): time 2.281e-06/0.08209, allocations: 4 kB / 411.7 MB, free: 7.422 MB / 346.7 MB
Notification: Performance of matching and sorting (n=32): time 0.003997/0.08609, allocations: 1.373 MB / 413 MB, free: 5.953 MB / 346.7 MB
Notification: Performance of inlineWhenForInitialization (initialization): time 4.178e-05/0.08615, allocations: 85.05 kB / 413.1 MB, free: 5.852 MB / 346.7 MB
Notification: Performance of selectInitializationVariablesDAE (initialization): time 0.0004427/0.0866, allocations: 357.6 kB / 413.5 MB, free: 5.496 MB / 346.7 MB
Notification: Performance of collectPreVariables (initialization): time 3.315e-05/0.08665, allocations: 33.7 kB / 413.5 MB, free: 5.457 MB / 346.7 MB
Notification: Performance of collectInitialEqns (initialization): time 0.0001609/0.08682, allocations: 243.9 kB / 413.7 MB, free: 5.215 MB / 346.7 MB
Notification: Performance of collectInitialBindings (initialization): time 8.686e-05/0.08691, allocations: 118.5 kB / 413.8 MB, free: 5.098 MB / 346.7 MB
Notification: Performance of simplifyInitialFunctions (initialization): time 0.0004439/0.08736, allocations: 82.03 kB / 413.9 MB, free: 5.012 MB / 346.7 MB
Notification: Performance of setup shared object (initialization): time 9.077e-05/0.08747, allocations: 350.7 kB / 414.3 MB, free: 4.66 MB / 346.7 MB
Notification: Performance of preBalanceInitialSystem (initialization): time 0.0005634/0.08804, allocations: 170.5 kB / 414.4 MB, free: 4.492 MB / 346.7 MB
Notification: Performance of partitionIndependentBlocks (initialization): time 0.0005946/0.08865, allocations: 248.8 kB / 414.7 MB, free: 4.215 MB / 346.7 MB
Notification: Performance of analyzeInitialSystem (initialization): time 0.001222/0.08987, allocations: 395.2 kB / 415.1 MB, free: 3.805 MB / 346.7 MB
Notification: Performance of solveInitialSystemEqSystem (initialization): time 4.501e-06/0.0899, allocations: 4 kB / 415.1 MB, free: 3.801 MB / 346.7 MB
Notification: Performance of matching and sorting (n=51) (initialization): time 0.001589/0.0915, allocations: 492.8 kB / 415.6 MB, free: 3.312 MB / 346.7 MB
Notification: Performance of prepare postOptimizeDAE: time 1.995e-05/0.09154, allocations: 6.5 kB / 415.6 MB, free: 3.309 MB / 346.7 MB
Notification: Performance of postOpt simplifyComplexFunction (initialization): time 9.075e-06/0.09155, allocations: 4 kB / 415.6 MB, free: 3.305 MB / 346.7 MB
Notification: Performance of postOpt tearingSystem (initialization): time 1.736e-05/0.09158, allocations: 8.219 kB / 415.6 MB, free: 3.297 MB / 346.7 MB
Notification: Performance of postOpt solveSimpleEquations (initialization): time 0.0011/0.09269, allocations: 207.7 kB / 415.8 MB, free: 3.094 MB / 346.7 MB
Notification: Performance of postOpt calculateStrongComponentJacobians (initialization): time 0.002017/0.09471, allocations: 1.568 MB / 417.3 MB, free: 1.387 MB / 346.7 MB
Notification: Performance of postOpt simplifyAllExpressions (initialization): time 0.0004191/0.09515, allocations: 39.98 kB / 417.4 MB, free: 1.348 MB / 346.7 MB
Notification: Performance of postOpt collapseArrayExpressions (initialization): time 3.352e-05/0.09519, allocations: 12 kB / 417.4 MB, free: 1.336 MB / 346.7 MB
Notification: Performance of preBalanceInitialSystem (initialization_lambda0): time 0.0006329/0.09583, allocations: 276.9 kB / 417.7 MB, free: 1.062 MB / 346.7 MB
Notification: Performance of partitionIndependentBlocks (initialization_lambda0): time 0.0009945/0.09684, allocations: 236.9 kB / 417.9 MB, free: 0.8047 MB / 346.7 MB
Notification: Performance of analyzeInitialSystem (initialization_lambda0): time 0.00124/0.0981, allocations: 371.7 kB / 418.3 MB, free: 424 kB / 346.7 MB
Notification: Performance of solveInitialSystemEqSystem (initialization_lambda0): time 3.157e-06/0.09813, allocations: 0 / 418.3 MB, free: 424 kB / 346.7 MB
Notification: Performance of matching and sorting (n=51) (initialization_lambda0): time 0.1683/0.2665, allocations: 463.7 kB / 418.7 MB, free: 49.79 MB / 346.7 MB
Notification: Performance of prepare postOptimizeDAE: time 1.806e-05/0.2665, allocations: 5.156 kB / 418.7 MB, free: 49.79 MB / 346.7 MB
Notification: Performance of postOpt simplifyComplexFunction (initialization): time 7.568e-06/0.2665, allocations: 2.188 kB / 418.7 MB, free: 49.79 MB / 346.7 MB
Notification: Performance of postOpt tearingSystem (initialization): time 2.484e-05/0.2666, allocations: 8.281 kB / 418.7 MB, free: 49.79 MB / 346.7 MB
Notification: Performance of postOpt solveSimpleEquations (initialization): time 0.000706/0.2673, allocations: 120.7 kB / 418.8 MB, free: 49.79 MB / 346.7 MB
Notification: Performance of postOpt calculateStrongComponentJacobians (initialization): time 1.172e-05/0.2673, allocations: 7.031 kB / 418.8 MB, free: 49.79 MB / 346.7 MB
Notification: Performance of postOpt simplifyAllExpressions (initialization): time 0.0004505/0.2678, allocations: 37.31 kB / 418.9 MB, free: 49.79 MB / 346.7 MB
Notification: Performance of postOpt collapseArrayExpressions (initialization): time 4.168e-05/0.2678, allocations: 12.94 kB / 418.9 MB, free: 49.79 MB / 346.7 MB
Notification: Model statistics after passing the back-end for initialization:
 * Number of independent subsystems: 9
 * Number of states: 0 ()
 * Number of discrete variables: 3 (kinematicPTP.noWphase,integrator.local_reset,PI.I.local_reset)
 * Number of discrete states: 0 ()
 * Number of clocked states: 0 ()
 * Top-level inputs: 0
Notification: Strong component statistics for initialization (51):
 * Single equations (assignments): 50
 * Array equations: 0
 * Algorithm blocks: 0
 * Record equations: 0
 * When equations: 0
 * If-equations: 0
 * Equation systems (not torn): 1
 * Torn equation systems: 0
 * Mixed (continuous/discrete) equation systems: 0
Notification: Equation system details (not torn):
 * Constant Jacobian (size): 0 systems
 * Linear Jacobian (size,density): 0 systems
 * Non-linear Jacobian (size): 1 system
   {1}
 * Without analytic Jacobian (size): 0 systems
Notification: Performance of prepare postOptimizeDAE: time 0.0001641/0.268, allocations: 200.8 kB / 419.1 MB, free: 49.61 MB / 346.7 MB
Notification: Performance of postOpt lateInlineFunction (simulation): time 0.0001174/0.2681, allocations: 45.44 kB / 419.1 MB, free: 49.61 MB / 346.7 MB
Notification: Performance of postOpt wrapFunctionCalls (simulation): time 0.0001076/0.2682, allocations: 47.33 kB / 419.2 MB, free: 49.6 MB / 346.7 MB
Notification: Performance of postOpt inlineArrayEqn (simulation): time 7.06e-06/0.2682, allocations: 7.5 kB / 419.2 MB, free: 49.6 MB / 346.7 MB
Notification: Performance of postOpt constantLinearSystem (simulation): time 3.753e-06/0.2683, allocations: 3.391 kB / 419.2 MB, free: 49.6 MB / 346.7 MB
Notification: Performance of postOpt simplifysemiLinear (simulation): time 7.449e-06/0.2683, allocations: 5.047 kB / 419.2 MB, free: 49.6 MB / 346.7 MB
Notification: Performance of postOpt removeSimpleEquations (simulation): time 0.002168/0.2704, allocations: 0.9093 MB / 420.1 MB, free: 49.27 MB / 346.7 MB
Notification: Performance of postOpt simplifyComplexFunction (simulation): time 6.927e-06/0.2705, allocations: 2.859 kB / 420.1 MB, free: 49.27 MB / 346.7 MB
Notification: Performance of postOpt solveSimpleEquations (simulation): time 0.0005992/0.2711, allocations: 90.02 kB / 420.2 MB, free: 49.27 MB / 346.7 MB
Notification: Performance of postOpt tearingSystem (simulation): time 7.676e-06/0.2711, allocations: 4.172 kB / 420.2 MB, free: 49.27 MB / 346.7 MB
Notification: Performance of postOpt inputDerivativesUsed (simulation): time 3.308e-05/0.2711, allocations: 9.656 kB / 420.2 MB, free: 49.27 MB / 346.7 MB
Notification: Performance of postOpt calculateStrongComponentJacobians (simulation): time 6.825e-06/0.2711, allocations: 3.453 kB / 420.2 MB, free: 49.27 MB / 346.7 MB
Notification: Performance of postOpt calculateStateSetsJacobians (simulation): time 4.312e-06/0.2712, allocations: 1.875 kB / 420.2 MB, free: 49.27 MB / 346.7 MB
Notification: Performance of postOpt symbolicJacobian (simulation): time 0.001948/0.2731, allocations: 0.6759 MB / 420.9 MB, free: 49.11 MB / 346.7 MB
Notification: Performance of postOpt removeConstants (simulation): time 0.0001989/0.2733, allocations: 125.4 kB / 421 MB, free: 49.02 MB / 346.7 MB
Notification: Performance of postOpt simplifyTimeIndepFuncCalls (simulation): time 8.253e-05/0.2734, allocations: 20.56 kB / 421 MB, free: 49.02 MB / 346.7 MB
Notification: Performance of postOpt simplifyAllExpressions (simulation): time 0.000412/0.2739, allocations: 31.38 kB / 421.1 MB, free: 49.02 MB / 346.7 MB
Notification: Performance of postOpt findZeroCrossings (simulation): time 8.873e-05/0.274, allocations: 22.45 kB / 421.1 MB, free: 49.02 MB / 346.7 MB
Notification: Performance of postOpt collapseArrayExpressions (simulation): time 5.102e-05/0.274, allocations: 16.19 kB / 421.1 MB, free: 49.02 MB / 346.7 MB
Notification: Performance of sorting global known variables: time 0.0003468/0.2744, allocations: 249.1 kB / 421.3 MB, free: 48.93 MB / 346.7 MB
Notification: Performance of sort global known variables: time 3.03e-07/0.2744, allocations: 0 / 421.3 MB, free: 48.93 MB / 346.7 MB
Notification: Performance of remove unused functions: time 0.000795/0.2752, allocations: 134.5 kB / 421.5 MB, free: 48.93 MB / 346.7 MB
Notification: Model statistics after passing the back-end for simulation:
 * Number of independent subsystems: 5
 * Number of states: 6 (PI.I.y,inertia1.phi,spring.phi_rel,spring.w_rel,inertia2.w,integrator.y)
 * Number of discrete variables: 1 (kinematicPTP.noWphase)
 * Number of discrete states: 0 ()
 * Number of clocked states: 0 ()
 * Top-level inputs: 0
Notification: Strong component statistics for simulation (32):
 * Single equations (assignments): 32
 * Array equations: 0
 * Algorithm blocks: 0
 * Record equations: 0
 * When equations: 0
 * If-equations: 0
 * Equation systems (not torn): 0
 * Torn equation systems: 0
 * Mixed (continuous/discrete) equation systems: 0
Notification: Performance of Backend phase and start with SimCode phase: time 0.0001289/0.2753, allocations: 114.2 kB / 421.6 MB, free: 48.84 MB / 346.7 MB
Notification: Performance of simCode: created initialization part: time 0.002602/0.2779, allocations: 0.6917 MB / 422.3 MB, free: 48.84 MB / 346.7 MB
Notification: Performance of simCode: created event and clocks part: time 3.403e-06/0.278, allocations: 2.312 kB / 422.3 MB, free: 48.84 MB / 346.7 MB
Notification: Performance of simCode: created simulation system equations: time 0.0005606/0.2785, allocations: 180 kB / 422.5 MB, free: 48.84 MB / 346.7 MB
Notification: Performance of simCode: created of all other equations (e.g. parameter, nominal, assert, etc): time 0.0008723/0.2794, allocations: 103.7 kB / 422.6 MB, free: 48.83 MB / 346.7 MB
Notification: Performance of simCode: created linear, non-linear and system jacobian parts: time 0.00203/0.2815, allocations: 1.004 MB / 423.6 MB, free: 48.36 MB / 346.7 MB
Notification: Performance of simCode: some other stuff during SimCode phase: time 0.0003142/0.2818, allocations: 0.8182 MB / 424.4 MB, free: 47.65 MB / 346.7 MB
Notification: Performance of simCode: alias equations: time 0.0003481/0.2822, allocations: 61.66 kB / 424.4 MB, free: 47.65 MB / 346.7 MB
Notification: Performance of simCode: all other stuff during SimCode phase: time 0.000138/0.2823, allocations: 39.06 kB / 424.5 MB, free: 47.64 MB / 346.7 MB
Notification: Performance of SimCode: time 6.8e-07/0.2823, allocations: 0 / 424.5 MB, free: 47.64 MB / 346.7 MB
Notification: Performance of Templates: time 0.01153/0.2938, allocations: 4.651 MB / 429.1 MB, free: 47.41 MB / 346.7 MB
make -j1 -f MyLibrary_main_MyLibrary.Blocks.Examples.PID_Controller.makefile
(rm -f MyLibrary_main_MyLibrary.Blocks.Examples.PID_Controller.pipe ; mkfifo MyLibrary_main_MyLibrary.Blocks.Examples.PID_Controller.pipe ; head -c 1048576 < MyLibrary_main_MyLibrary.Blocks.Examples.PID_Controller.pipe >> ../files/MyLibrary_main_MyLibrary.Blocks.Examples.PID_Controller.sim & ./MyLibrary_main_MyLibrary.Blocks.Examples.PID_Controller  -abortSlowSimulation -alarm=480  -emit_protected -lv LOG_STATS > MyLibrary_main_MyLibrary.Blocks.Examples.PID_Controller.pipe 2>&1)
diffSimulationResults("MyLibrary_main_MyLibrary.Blocks.Examples.PID_Controller_res.mat","/home/aheuermann/workspace/githubactions/openmodelica-library-testing-action/examples/ReferenceFiles/MyLibrary.Blocks.Examples.PID_Controller.csv","../files/MyLibrary_main_MyLibrary.Blocks.Examples.PID_Controller.diff",relTol=0.003,relTolDiffMinMax=0.003,rangeDelta=0.001)
""

Variables in the reference:time,PI.I.y,inertia1.phi,inertia1.w,integrator.y,spring.phi_rel,spring.w_rel

Variables in the result:PI.Dzero.k,PI.Dzero.y,PI.FFzero.k,PI.FFzero.y,PI.I.initType,PI.I.k,PI.I.y,PI.I.y_start,PI.Nd,PI.Ni,PI.P.k,PI.Td,PI.Ti,PI.addFF.k1,PI.addFF.k2,PI.addFF.u2,PI.addI.k1,PI.addI.k2,PI.addI.k3,PI.addP.k1,PI.addP.k2,PI.addPID.k1,PI.addPID.k2,PI.addPID.k3,PI.addPID.u2,PI.addSat.k1,PI.addSat.k2,PI.controllerType,PI.gainPID.k,PI.gainTrack.k,PI.homotopyType,PI.initType,PI.k,PI.kFF,PI.limiter.homotopyType,PI.limiter.strict,PI.limiter.uMax,PI.limiter.uMin,PI.strict,PI.wd,PI.withFeedForward,PI.with_D,PI.with_I,PI.wp,PI.xd_start,PI.xi_start,PI.yMax,PI.yMin,PI.y_start,driveAngle,inertia1.J,inertia1.phi,inertia1.w,inertia2.J,inertia2.flange_b.tau,integrator.initType,integrator.k,integrator.y,integrator.y_start,kinematicPTP.deltaq[1],kinematicPTP.nout,kinematicPTP.p_deltaq[1],kinematicPTP.p_qd_max[1],kinematicPTP.p_qdd_max[1],kinematicPTP.qd_max[1],kinematicPTP.qdd_max[1],kinematicPTP.startTime,loadTorque.flange.tau,loadTorque.tau,loadTorque.tau_constant,spring.c,spring.d,spring.phi_nominal,spring.phi_rel,spring.phi_rel0,spring.w_rel,time
